2020-04-24 09:47:37,077 - bot.INFO: (Ил ья None @thecattest) "sdf"
2020-04-24 09:47:38,034 - bot.INFO: (Ил ья None @thecattest) "sdf"
2020-04-24 09:47:40,435 - bot.INFO: (Ил ья None @thecattest) "/start"
2020-04-24 09:47:42,949 - bot.INFO: (Ил ья None @thecattest) "/help"
2020-04-24 09:47:48,013 - bot.INFO: (Ил ья None @thecattest) "/credits"
2020-04-24 09:47:50,940 - bot.INFO: (Ил ья None @thecattest) "/stop"
2020-04-24 09:47:53,600 - bot.INFO: (Ил ья None @thecattest) "273 236 201"
2020-04-24 09:47:53,600 - bot.ERROR: СИ не может превышать 36 [273 236 201]
2020-04-24 09:47:53,709 - bot.INFO: (Ил ья None @thecattest) "273 236 201"
2020-04-24 09:47:57,468 - bot.INFO: (Ил ья None @thecattest) "12 1223"
2020-04-24 09:48:01,581 - bot.INFO: (Ил ья None @thecattest) "27 12 10"
2020-04-24 09:48:01,581 - bot.INFO: [27 12 10] = 31
2020-04-24 09:48:06,753 - bot.INFO: (Ил ья None @thecattest) "111 2 19"
2020-04-24 09:48:06,754 - bot.INFO: [111 2 19] = 7
2020-04-24 09:48:11,685 - bot.INFO: (Ил ья None @thecattest) "333 3 3"
2020-04-24 09:48:11,686 - bot.INFO: [333 3 3] = 333
2020-04-24 09:48:31,196 - bot.INFO: (Ил ья None @thecattest) "222 2 2"
2020-04-24 09:48:31,197 - bot.INFO: [222 2 2] = 222
2020-04-24 09:48:34,851 - bot.INFO: (Ил ья None @thecattest) "222 2  10"
2020-04-24 09:48:34,851 - bot.INFO: [222 2  10] = 14
2020-04-24 09:49:31,695 - bot.INFO: (Ил ья None @thecattest) "222 2 10"
2020-04-24 09:49:31,695 - bot.ERROR: СИ не соответсвует числу [222 2 10]
2020-04-24 09:49:32,101 - bot.INFO: (Ил ья None @thecattest) "222 2 10"
2020-04-24 09:49:37,434 - bot.INFO: (Ил ья None @thecattest) "222 2 2"
2020-04-24 09:49:37,434 - bot.INFO: [222 2 2] = 222
2020-04-24 09:49:54,554 - bot.INFO: (Ил ья None @thecattest) "222 2 2"
2020-04-24 09:49:54,554 - bot.ERROR: СИ не соответсвует числу [222 2 2]
2020-04-24 09:49:54,909 - bot.INFO: (Ил ья None @thecattest) "222 2 2"
2020-04-24 09:49:58,601 - bot.INFO: (Ил ья None @thecattest) "222 2 10"
2020-04-24 09:49:58,602 - bot.ERROR: СИ не соответсвует числу [222 2 10]
2020-04-24 09:49:58,751 - bot.INFO: (Ил ья None @thecattest) "222 2 10"
2020-04-24 09:50:02,436 - bot.INFO: (Ил ья None @thecattest) "6666 7 6"
2020-04-24 09:50:02,436 - bot.INFO: [6666 7 6] = 15040
2020-04-24 09:50:06,734 - bot.INFO: (Ил ья None @thecattest) "66 66 6"
2020-04-24 09:50:06,734 - bot.ERROR: СИ не может превышать 36 [66 66 6]
2020-04-24 09:50:06,845 - bot.INFO: (Ил ья None @thecattest) "66 66 6"
2020-04-24 09:50:10,389 - bot.INFO: (Ил ья None @thecattest) "/start"
